2016/02/11 23:07:42 [error] [php] file_get_contents(http://www.fingertipformulary.com/drugs/Eylea/IL/plans?planName=Humana+Gold+Plus+Integrated+IL+%28Medicare-Medicaid%29&amp;planID=6157): failed to open stream: HTTP request failed! HTTP/1.1 403 Forbidden
 (/var/www/usv/formulary_api/f/protected/controllers/DrugPlanStateController.php:128)
Stack trace:
#0 /var/www/usv/formulary_api/yii/framework/web/CController.php(308): CInlineAction->runWithParams()
#1 /var/www/usv/formulary_api/yii/framework/web/filters/CFilterChain.php(133): DrugPlanStateController->runAction()
#2 /var/www/usv/formulary_api/yii/framework/web/filters/CFilter.php(40): CFilterChain->run()
#3 /var/www/usv/formulary_api/yii/framework/web/CController.php(1145): CAccessControlFilter->filter()
#4 /var/www/usv/formulary_api/yii/framework/web/filters/CInlineFilter.php(58): DrugPlanStateController->filterAccessControl()
#5 /var/www/usv/formulary_api/yii/framework/web/filters/CFilterChain.php(130): CInlineFilter->filter()
#6 /var/www/usv/formulary_api/yii/framework/web/CController.php(291): CFilterChain->run()
#7 /var/www/usv/formulary_api/yii/framework/web/CController.php(265): DrugPlanStateController->runActionWithFilters()
#8 /var/www/usv/formulary_api/yii/framework/web/CWebApplication.php(282): DrugPlanStateController->run()
#9 /var/www/usv/formulary_api/yii/framework/web/CWebApplication.php(141): CWebApplication->runController()
#10 /var/www/usv/formulary_api/yii/framework/base/CApplication.php(180): CWebApplication->processRequest()
#11 /var/www/usv/formulary_api/f/index.php(20): CWebApplication->run()
REQUEST_URI=/formulary_api/f/drugPlanState/get/f_id/6157/drug_id/1562/state/IL/
in /var/www/usv/formulary_api/f/protected/controllers/DrugPlanStateController.php (128)
in /var/www/usv/formulary_api/f/index.php (20)
2016/02/11 23:07:48 [error] [php] file_get_contents(http://www.fingertipformulary.com/drugs/Eylea/IL/plans?planName=Illinois+State+Medicaid&amp;planID=607): failed to open stream: HTTP request failed! HTTP/1.1 403 Forbidden
 (/var/www/usv/formulary_api/f/protected/controllers/DrugPlanStateController.php:128)
Stack trace:
#0 /var/www/usv/formulary_api/yii/framework/web/CController.php(308): CInlineAction->runWithParams()
#1 /var/www/usv/formulary_api/yii/framework/web/filters/CFilterChain.php(133): DrugPlanStateController->runAction()
#2 /var/www/usv/formulary_api/yii/framework/web/filters/CFilter.php(40): CFilterChain->run()
#3 /var/www/usv/formulary_api/yii/framework/web/CController.php(1145): CAccessControlFilter->filter()
#4 /var/www/usv/formulary_api/yii/framework/web/filters/CInlineFilter.php(58): DrugPlanStateController->filterAccessControl()
#5 /var/www/usv/formulary_api/yii/framework/web/filters/CFilterChain.php(130): CInlineFilter->filter()
#6 /var/www/usv/formulary_api/yii/framework/web/CController.php(291): CFilterChain->run()
#7 /var/www/usv/formulary_api/yii/framework/web/CController.php(265): DrugPlanStateController->runActionWithFilters()
#8 /var/www/usv/formulary_api/yii/framework/web/CWebApplication.php(282): DrugPlanStateController->run()
#9 /var/www/usv/formulary_api/yii/framework/web/CWebApplication.php(141): CWebApplication->runController()
#10 /var/www/usv/formulary_api/yii/framework/base/CApplication.php(180): CWebApplication->processRequest()
#11 /var/www/usv/formulary_api/f/index.php(20): CWebApplication->run()
REQUEST_URI=/formulary_api/f/drugPlanState/get/f_id/607/drug_id/1562/state/IL/
in /var/www/usv/formulary_api/f/protected/controllers/DrugPlanStateController.php (128)
in /var/www/usv/formulary_api/f/index.php (20)
2016/02/11 23:07:52 [error] [php] file_get_contents(http://www.fingertipformulary.com/drugs/Eylea/IL/plans?planName=Health+Alliance+Medicaid&amp;planID=5649): failed to open stream: HTTP request failed! HTTP/1.1 403 Forbidden
 (/var/www/usv/formulary_api/f/protected/controllers/DrugPlanStateController.php:128)
Stack trace:
#0 /var/www/usv/formulary_api/yii/framework/web/CController.php(308): CInlineAction->runWithParams()
#1 /var/www/usv/formulary_api/yii/framework/web/filters/CFilterChain.php(133): DrugPlanStateController->runAction()
#2 /var/www/usv/formulary_api/yii/framework/web/filters/CFilter.php(40): CFilterChain->run()
#3 /var/www/usv/formulary_api/yii/framework/web/CController.php(1145): CAccessControlFilter->filter()
#4 /var/www/usv/formulary_api/yii/framework/web/filters/CInlineFilter.php(58): DrugPlanStateController->filterAccessControl()
#5 /var/www/usv/formulary_api/yii/framework/web/filters/CFilterChain.php(130): CInlineFilter->filter()
#6 /var/www/usv/formulary_api/yii/framework/web/CController.php(291): CFilterChain->run()
#7 /var/www/usv/formulary_api/yii/framework/web/CController.php(265): DrugPlanStateController->runActionWithFilters()
#8 /var/www/usv/formulary_api/yii/framework/web/CWebApplication.php(282): DrugPlanStateController->run()
#9 /var/www/usv/formulary_api/yii/framework/web/CWebApplication.php(141): CWebApplication->runController()
#10 /var/www/usv/formulary_api/yii/framework/base/CApplication.php(180): CWebApplication->processRequest()
#11 /var/www/usv/formulary_api/f/index.php(20): CWebApplication->run()
REQUEST_URI=/formulary_api/f/drugPlanState/get/f_id/5649/drug_id/1562/state/IL/
in /var/www/usv/formulary_api/f/protected/controllers/DrugPlanStateController.php (128)
in /var/www/usv/formulary_api/f/index.php (20)
2016/02/11 23:07:56 [error] [php] file_get_contents(http://www.fingertipformulary.com/drugs/Eylea/IL/plans?planName=Health+Alliance+Connect+Medicare-Medicaid&amp;planID=6146): failed to open stream: HTTP request failed! HTTP/1.1 403 Forbidden
 (/var/www/usv/formulary_api/f/protected/controllers/DrugPlanStateController.php:128)
Stack trace:
#0 /var/www/usv/formulary_api/yii/framework/web/CController.php(308): CInlineAction->runWithParams()
#1 /var/www/usv/formulary_api/yii/framework/web/filters/CFilterChain.php(133): DrugPlanStateController->runAction()
#2 /var/www/usv/formulary_api/yii/framework/web/filters/CFilter.php(40): CFilterChain->run()
#3 /var/www/usv/formulary_api/yii/framework/web/CController.php(1145): CAccessControlFilter->filter()
#4 /var/www/usv/formulary_api/yii/framework/web/filters/CInlineFilter.php(58): DrugPlanStateController->filterAccessControl()
#5 /var/www/usv/formulary_api/yii/framework/web/filters/CFilterChain.php(130): CInlineFilter->filter()
#6 /var/www/usv/formulary_api/yii/framework/web/CController.php(291): CFilterChain->run()
#7 /var/www/usv/formulary_api/yii/framework/web/CController.php(265): DrugPlanStateController->runActionWithFilters()
#8 /var/www/usv/formulary_api/yii/framework/web/CWebApplication.php(282): DrugPlanStateController->run()
#9 /var/www/usv/formulary_api/yii/framework/web/CWebApplication.php(141): CWebApplication->runController()
#10 /var/www/usv/formulary_api/yii/framework/base/CApplication.php(180): CWebApplication->processRequest()
#11 /var/www/usv/formulary_api/f/index.php(20): CWebApplication->run()
REQUEST_URI=/formulary_api/f/drugPlanState/get/f_id/6146/drug_id/1562/state/IL/
in /var/www/usv/formulary_api/f/protected/controllers/DrugPlanStateController.php (128)
in /var/www/usv/formulary_api/f/index.php (20)
2016/02/11 23:07:59 [error] [php] file_get_contents(http://www.fingertipformulary.com/drugs/Eylea/IL/plans?planName=Health+Alliance+Medicaid&amp;planID=5649): failed to open stream: HTTP request failed! HTTP/1.1 403 Forbidden
 (/var/www/usv/formulary_api/f/protected/controllers/DrugPlanStateController.php:128)
Stack trace:
#0 /var/www/usv/formulary_api/yii/framework/web/CController.php(308): CInlineAction->runWithParams()
#1 /var/www/usv/formulary_api/yii/framework/web/filters/CFilterChain.php(133): DrugPlanStateController->runAction()
#2 /var/www/usv/formulary_api/yii/framework/web/filters/CFilter.php(40): CFilterChain->run()
#3 /var/www/usv/formulary_api/yii/framework/web/CController.php(1145): CAccessControlFilter->filter()
#4 /var/www/usv/formulary_api/yii/framework/web/filters/CInlineFilter.php(58): DrugPlanStateController->filterAccessControl()
#5 /var/www/usv/formulary_api/yii/framework/web/filters/CFilterChain.php(130): CInlineFilter->filter()
#6 /var/www/usv/formulary_api/yii/framework/web/CController.php(291): CFilterChain->run()
#7 /var/www/usv/formulary_api/yii/framework/web/CController.php(265): DrugPlanStateController->runActionWithFilters()
#8 /var/www/usv/formulary_api/yii/framework/web/CWebApplication.php(282): DrugPlanStateController->run()
#9 /var/www/usv/formulary_api/yii/framework/web/CWebApplication.php(141): CWebApplication->runController()
#10 /var/www/usv/formulary_api/yii/framework/base/CApplication.php(180): CWebApplication->processRequest()
#11 /var/www/usv/formulary_api/f/index.php(20): CWebApplication->run()
REQUEST_URI=/formulary_api/f/drugPlanState/get/f_id/5649/drug_id/1562/state/IL/
in /var/www/usv/formulary_api/f/protected/controllers/DrugPlanStateController.php (128)
in /var/www/usv/formulary_api/f/index.php (20)
2016/02/11 23:08:00 [error] [php] file_get_contents(http://www.fingertipformulary.com/drugs/Eylea/IL/plans?planName=Illinois+State+Medicaid&amp;planID=607): failed to open stream: HTTP request failed! HTTP/1.1 403 Forbidden
 (/var/www/usv/formulary_api/f/protected/controllers/DrugPlanStateController.php:128)
Stack trace:
#0 /var/www/usv/formulary_api/yii/framework/web/CController.php(308): CInlineAction->runWithParams()
#1 /var/www/usv/formulary_api/yii/framework/web/filters/CFilterChain.php(133): DrugPlanStateController->runAction()
#2 /var/www/usv/formulary_api/yii/framework/web/filters/CFilter.php(40): CFilterChain->run()
#3 /var/www/usv/formulary_api/yii/framework/web/CController.php(1145): CAccessControlFilter->filter()
#4 /var/www/usv/formulary_api/yii/framework/web/filters/CInlineFilter.php(58): DrugPlanStateController->filterAccessControl()
#5 /var/www/usv/formulary_api/yii/framework/web/filters/CFilterChain.php(130): CInlineFilter->filter()
#6 /var/www/usv/formulary_api/yii/framework/web/CController.php(291): CFilterChain->run()
#7 /var/www/usv/formulary_api/yii/framework/web/CController.php(265): DrugPlanStateController->runActionWithFilters()
#8 /var/www/usv/formulary_api/yii/framework/web/CWebApplication.php(282): DrugPlanStateController->run()
#9 /var/www/usv/formulary_api/yii/framework/web/CWebApplication.php(141): CWebApplication->runController()
#10 /var/www/usv/formulary_api/yii/framework/base/CApplication.php(180): CWebApplication->processRequest()
#11 /var/www/usv/formulary_api/f/index.php(20): CWebApplication->run()
REQUEST_URI=/formulary_api/f/drugPlanState/get/f_id/607/drug_id/1562/state/IL/
in /var/www/usv/formulary_api/f/protected/controllers/DrugPlanStateController.php (128)
in /var/www/usv/formulary_api/f/index.php (20)
2016/02/11 23:08:16 [error] [php] file_get_contents(http://www.fingertipformulary.com/drugs/Eylea/IL/plans?planName=Aetna+CVS%2Fpharmacy&amp;planID=4779): failed to open stream: HTTP request failed! HTTP/1.1 403 Forbidden
 (/var/www/usv/formulary_api/f/protected/controllers/DrugPlanStateController.php:128)
Stack trace:
#0 /var/www/usv/formulary_api/yii/framework/web/CController.php(308): CInlineAction->runWithParams()
#1 /var/www/usv/formulary_api/yii/framework/web/filters/CFilterChain.php(133): DrugPlanStateController->runAction()
#2 /var/www/usv/formulary_api/yii/framework/web/filters/CFilter.php(40): CFilterChain->run()
#3 /var/www/usv/formulary_api/yii/framework/web/CController.php(1145): CAccessControlFilter->filter()
#4 /var/www/usv/formulary_api/yii/framework/web/filters/CInlineFilter.php(58): DrugPlanStateController->filterAccessControl()
#5 /var/www/usv/formulary_api/yii/framework/web/filters/CFilterChain.php(130): CInlineFilter->filter()
#6 /var/www/usv/formulary_api/yii/framework/web/CController.php(291): CFilterChain->run()
#7 /var/www/usv/formulary_api/yii/framework/web/CController.php(265): DrugPlanStateController->runActionWithFilters()
#8 /var/www/usv/formulary_api/yii/framework/web/CWebApplication.php(282): DrugPlanStateController->run()
#9 /var/www/usv/formulary_api/yii/framework/web/CWebApplication.php(141): CWebApplication->runController()
#10 /var/www/usv/formulary_api/yii/framework/base/CApplication.php(180): CWebApplication->processRequest()
#11 /var/www/usv/formulary_api/f/index.php(20): CWebApplication->run()
REQUEST_URI=/formulary_api/f/drugPlanState/get/f_id/4779/drug_id/1562/state/IL/
in /var/www/usv/formulary_api/f/protected/controllers/DrugPlanStateController.php (128)
in /var/www/usv/formulary_api/f/index.php (20)
2016/02/11 23:08:34 [error] [php] file_get_contents(http://www.fingertipformulary.com/drugs/Eylea/IL/plans?planName=Aetna+Medicare+Open+4+Tier+w%2FSpecialty+%282015%29&amp;planID=3346): failed to open stream: HTTP request failed! HTTP/1.1 403 Forbidden
 (/var/www/usv/formulary_api/f/protected/controllers/DrugPlanStateController.php:128)
Stack trace:
#0 /var/www/usv/formulary_api/yii/framework/web/CController.php(308): CInlineAction->runWithParams()
#1 /var/www/usv/formulary_api/yii/framework/web/filters/CFilterChain.php(133): DrugPlanStateController->runAction()
#2 /var/www/usv/formulary_api/yii/framework/web/filters/CFilter.php(40): CFilterChain->run()
#3 /var/www/usv/formulary_api/yii/framework/web/CController.php(1145): CAccessControlFilter->filter()
#4 /var/www/usv/formulary_api/yii/framework/web/filters/CInlineFilter.php(58): DrugPlanStateController->filterAccessControl()
#5 /var/www/usv/formulary_api/yii/framework/web/filters/CFilterChain.php(130): CInlineFilter->filter()
#6 /var/www/usv/formulary_api/yii/framework/web/CController.php(291): CFilterChain->run()
#7 /var/www/usv/formulary_api/yii/framework/web/CController.php(265): DrugPlanStateController->runActionWithFilters()
#8 /var/www/usv/formulary_api/yii/framework/web/CWebApplication.php(282): DrugPlanStateController->run()
#9 /var/www/usv/formulary_api/yii/framework/web/CWebApplication.php(141): CWebApplication->runController()
#10 /var/www/usv/formulary_api/yii/framework/base/CApplication.php(180): CWebApplication->processRequest()
#11 /var/www/usv/formulary_api/f/index.php(20): CWebApplication->run()
REQUEST_URI=/formulary_api/f/drugPlanState/get/f_id/3346/drug_id/1562/state/IL/
in /var/www/usv/formulary_api/f/protected/controllers/DrugPlanStateController.php (128)
in /var/www/usv/formulary_api/f/index.php (20)
2016/02/11 23:08:53 [error] [php] file_get_contents(http://www.fingertipformulary.com/drugs/Eylea/IL/plans?planName=Aetna+CVS%2Fpharmacy&amp;planID=4779): failed to open stream: HTTP request failed! HTTP/1.1 403 Forbidden
 (/var/www/usv/formulary_api/f/protected/controllers/DrugPlanStateController.php:128)
Stack trace:
#0 /var/www/usv/formulary_api/yii/framework/web/CController.php(308): CInlineAction->runWithParams()
#1 /var/www/usv/formulary_api/yii/framework/web/filters/CFilterChain.php(133): DrugPlanStateController->runAction()
#2 /var/www/usv/formulary_api/yii/framework/web/filters/CFilter.php(40): CFilterChain->run()
#3 /var/www/usv/formulary_api/yii/framework/web/CController.php(1145): CAccessControlFilter->filter()
#4 /var/www/usv/formulary_api/yii/framework/web/filters/CInlineFilter.php(58): DrugPlanStateController->filterAccessControl()
#5 /var/www/usv/formulary_api/yii/framework/web/filters/CFilterChain.php(130): CInlineFilter->filter()
#6 /var/www/usv/formulary_api/yii/framework/web/CController.php(291): CFilterChain->run()
#7 /var/www/usv/formulary_api/yii/framework/web/CController.php(265): DrugPlanStateController->runActionWithFilters()
#8 /var/www/usv/formulary_api/yii/framework/web/CWebApplication.php(282): DrugPlanStateController->run()
#9 /var/www/usv/formulary_api/yii/framework/web/CWebApplication.php(141): CWebApplication->runController()
#10 /var/www/usv/formulary_api/yii/framework/base/CApplication.php(180): CWebApplication->processRequest()
#11 /var/www/usv/formulary_api/f/index.php(20): CWebApplication->run()
REQUEST_URI=/formulary_api/f/drugPlanState/get/f_id/4779/drug_id/1562/state/IL/
in /var/www/usv/formulary_api/f/protected/controllers/DrugPlanStateController.php (128)
in /var/www/usv/formulary_api/f/index.php (20)
2016/02/11 23:08:58 [error] [php] file_get_contents(http://www.fingertipformulary.com/drugs/Eylea/IL/plans?planName=Aetna+Medicare+Open+4+Tier+w%2FSpecialty+%282015%29&amp;planID=3346): failed to open stream: HTTP request failed! HTTP/1.1 403 Forbidden
 (/var/www/usv/formulary_api/f/protected/controllers/DrugPlanStateController.php:128)
Stack trace:
#0 /var/www/usv/formulary_api/yii/framework/web/CController.php(308): CInlineAction->runWithParams()
#1 /var/www/usv/formulary_api/yii/framework/web/filters/CFilterChain.php(133): DrugPlanStateController->runAction()
#2 /var/www/usv/formulary_api/yii/framework/web/filters/CFilter.php(40): CFilterChain->run()
#3 /var/www/usv/formulary_api/yii/framework/web/CController.php(1145): CAccessControlFilter->filter()
#4 /var/www/usv/formulary_api/yii/framework/web/filters/CInlineFilter.php(58): DrugPlanStateController->filterAccessControl()
#5 /var/www/usv/formulary_api/yii/framework/web/filters/CFilterChain.php(130): CInlineFilter->filter()
#6 /var/www/usv/formulary_api/yii/framework/web/CController.php(291): CFilterChain->run()
#7 /var/www/usv/formulary_api/yii/framework/web/CController.php(265): DrugPlanStateController->runActionWithFilters()
#8 /var/www/usv/formulary_api/yii/framework/web/CWebApplication.php(282): DrugPlanStateController->run()
#9 /var/www/usv/formulary_api/yii/framework/web/CWebApplication.php(141): CWebApplication->runController()
#10 /var/www/usv/formulary_api/yii/framework/base/CApplication.php(180): CWebApplication->processRequest()
#11 /var/www/usv/formulary_api/f/index.php(20): CWebApplication->run()
REQUEST_URI=/formulary_api/f/drugPlanState/get/f_id/3346/drug_id/1562/state/IL/
in /var/www/usv/formulary_api/f/protected/controllers/DrugPlanStateController.php (128)
in /var/www/usv/formulary_api/f/index.php (20)
2016/02/11 23:09:04 [error] [php] file_get_contents(http://www.fingertipformulary.com/drugs/Eylea/IL/plans?planName=Aetna+Medicare+Advantage&amp;planID=4056): failed to open stream: HTTP request failed! HTTP/1.1 403 Forbidden
 (/var/www/usv/formulary_api/f/protected/controllers/DrugPlanStateController.php:128)
Stack trace:
#0 /var/www/usv/formulary_api/yii/framework/web/CController.php(308): CInlineAction->runWithParams()
#1 /var/www/usv/formulary_api/yii/framework/web/filters/CFilterChain.php(133): DrugPlanStateController->runAction()
#2 /var/www/usv/formulary_api/yii/framework/web/filters/CFilter.php(40): CFilterChain->run()
#3 /var/www/usv/formulary_api/yii/framework/web/CController.php(1145): CAccessControlFilter->filter()
#4 /var/www/usv/formulary_api/yii/framework/web/filters/CInlineFilter.php(58): DrugPlanStateController->filterAccessControl()
#5 /var/www/usv/formulary_api/yii/framework/web/filters/CFilterChain.php(130): CInlineFilter->filter()
#6 /var/www/usv/formulary_api/yii/framework/web/CController.php(291): CFilterChain->run()
#7 /var/www/usv/formulary_api/yii/framework/web/CController.php(265): DrugPlanStateController->runActionWithFilters()
#8 /var/www/usv/formulary_api/yii/framework/web/CWebApplication.php(282): DrugPlanStateController->run()
#9 /var/www/usv/formulary_api/yii/framework/web/CWebApplication.php(141): CWebApplication->runController()
#10 /var/www/usv/formulary_api/yii/framework/base/CApplication.php(180): CWebApplication->processRequest()
#11 /var/www/usv/formulary_api/f/index.php(20): CWebApplication->run()
REQUEST_URI=/formulary_api/f/drugPlanState/get/f_id/4056/drug_id/1562/state/IL/
in /var/www/usv/formulary_api/f/protected/controllers/DrugPlanStateController.php (128)
in /var/www/usv/formulary_api/f/index.php (20)
2016/02/11 23:09:07 [error] [php] file_get_contents(http://www.fingertipformulary.com/drugs/Eylea/IL/plans?planName=Aetna+Medicare+Open+4+Tier+w%2FSpecialty+%282015%29&amp;planID=3346): failed to open stream: HTTP request failed! HTTP/1.1 403 Forbidden
 (/var/www/usv/formulary_api/f/protected/controllers/DrugPlanStateController.php:128)
Stack trace:
#0 /var/www/usv/formulary_api/yii/framework/web/CController.php(308): CInlineAction->runWithParams()
#1 /var/www/usv/formulary_api/yii/framework/web/filters/CFilterChain.php(133): DrugPlanStateController->runAction()
#2 /var/www/usv/formulary_api/yii/framework/web/filters/CFilter.php(40): CFilterChain->run()
#3 /var/www/usv/formulary_api/yii/framework/web/CController.php(1145): CAccessControlFilter->filter()
#4 /var/www/usv/formulary_api/yii/framework/web/filters/CInlineFilter.php(58): DrugPlanStateController->filterAccessControl()
#5 /var/www/usv/formulary_api/yii/framework/web/filters/CFilterChain.php(130): CInlineFilter->filter()
#6 /var/www/usv/formulary_api/yii/framework/web/CController.php(291): CFilterChain->run()
#7 /var/www/usv/formulary_api/yii/framework/web/CController.php(265): DrugPlanStateController->runActionWithFilters()
#8 /var/www/usv/formulary_api/yii/framework/web/CWebApplication.php(282): DrugPlanStateController->run()
#9 /var/www/usv/formulary_api/yii/framework/web/CWebApplication.php(141): CWebApplication->runController()
#10 /var/www/usv/formulary_api/yii/framework/base/CApplication.php(180): CWebApplication->processRequest()
#11 /var/www/usv/formulary_api/f/index.php(20): CWebApplication->run()
REQUEST_URI=/formulary_api/f/drugPlanState/get/f_id/3346/drug_id/1562/state/IL/
in /var/www/usv/formulary_api/f/protected/controllers/DrugPlanStateController.php (128)
in /var/www/usv/formulary_api/f/index.php (20)
2016/02/11 23:09:08 [error] [php] file_get_contents(http://www.fingertipformulary.com/drugs/Eylea/IL/plans?planName=Aetna+CVS%2Fpharmacy&amp;planID=4779): failed to open stream: HTTP request failed! HTTP/1.1 403 Forbidden
 (/var/www/usv/formulary_api/f/protected/controllers/DrugPlanStateController.php:128)
Stack trace:
#0 /var/www/usv/formulary_api/yii/framework/web/CController.php(308): CInlineAction->runWithParams()
#1 /var/www/usv/formulary_api/yii/framework/web/filters/CFilterChain.php(133): DrugPlanStateController->runAction()
#2 /var/www/usv/formulary_api/yii/framework/web/filters/CFilter.php(40): CFilterChain->run()
#3 /var/www/usv/formulary_api/yii/framework/web/CController.php(1145): CAccessControlFilter->filter()
#4 /var/www/usv/formulary_api/yii/framework/web/filters/CInlineFilter.php(58): DrugPlanStateController->filterAccessControl()
#5 /var/www/usv/formulary_api/yii/framework/web/filters/CFilterChain.php(130): CInlineFilter->filter()
#6 /var/www/usv/formulary_api/yii/framework/web/CController.php(291): CFilterChain->run()
#7 /var/www/usv/formulary_api/yii/framework/web/CController.php(265): DrugPlanStateController->runActionWithFilters()
#8 /var/www/usv/formulary_api/yii/framework/web/CWebApplication.php(282): DrugPlanStateController->run()
#9 /var/www/usv/formulary_api/yii/framework/web/CWebApplication.php(141): CWebApplication->runController()
#10 /var/www/usv/formulary_api/yii/framework/base/CApplication.php(180): CWebApplication->processRequest()
#11 /var/www/usv/formulary_api/f/index.php(20): CWebApplication->run()
REQUEST_URI=/formulary_api/f/drugPlanState/get/f_id/4779/drug_id/1562/state/IL/
in /var/www/usv/formulary_api/f/protected/controllers/DrugPlanStateController.php (128)
in /var/www/usv/formulary_api/f/index.php (20)
2016/02/13 20:57:38 [error] [php] file_get_contents(http://www.fingertipformulary.com/drugs/TylenolwCodeine/CA/plans?planName=Anthem+Blue+Cross+Senior+Secure&amp;planID=206): failed to open stream: HTTP request failed! HTTP/1.1 403 Forbidden
 (/var/www/usv/formulary_api/f/protected/controllers/DrugPlanStateController.php:128)
Stack trace:
#0 /var/www/usv/formulary_api/yii/framework/web/CController.php(308): CInlineAction->runWithParams()
#1 /var/www/usv/formulary_api/yii/framework/web/filters/CFilterChain.php(133): DrugPlanStateController->runAction()
#2 /var/www/usv/formulary_api/yii/framework/web/filters/CFilter.php(40): CFilterChain->run()
#3 /var/www/usv/formulary_api/yii/framework/web/CController.php(1145): CAccessControlFilter->filter()
#4 /var/www/usv/formulary_api/yii/framework/web/filters/CInlineFilter.php(58): DrugPlanStateController->filterAccessControl()
#5 /var/www/usv/formulary_api/yii/framework/web/filters/CFilterChain.php(130): CInlineFilter->filter()
#6 /var/www/usv/formulary_api/yii/framework/web/CController.php(291): CFilterChain->run()
#7 /var/www/usv/formulary_api/yii/framework/web/CController.php(265): DrugPlanStateController->runActionWithFilters()
#8 /var/www/usv/formulary_api/yii/framework/web/CWebApplication.php(282): DrugPlanStateController->run()
#9 /var/www/usv/formulary_api/yii/framework/web/CWebApplication.php(141): CWebApplication->runController()
#10 /var/www/usv/formulary_api/yii/framework/base/CApplication.php(180): CWebApplication->processRequest()
#11 /var/www/usv/formulary_api/f/index.php(20): CWebApplication->run()
REQUEST_URI=/formulary_api/f/drugPlanState/get/f_id/206/drug_id/1784/state/CA/
in /var/www/usv/formulary_api/f/protected/controllers/DrugPlanStateController.php (128)
in /var/www/usv/formulary_api/f/index.php (20)
2016/02/13 20:57:54 [error] [php] file_get_contents(http://www.fingertipformulary.com/drugs/FreeStyleLite/AL/plans?planName=Aetna+2-Tier+Closed&amp;planID=26): failed to open stream: HTTP request failed! HTTP/1.1 403 Forbidden
 (/var/www/usv/formulary_api/f/protected/controllers/DrugPlanStateController.php:128)
Stack trace:
#0 /var/www/usv/formulary_api/yii/framework/web/CController.php(308): CInlineAction->runWithParams()
#1 /var/www/usv/formulary_api/yii/framework/web/filters/CFilterChain.php(133): DrugPlanStateController->runAction()
#2 /var/www/usv/formulary_api/yii/framework/web/filters/CFilter.php(40): CFilterChain->run()
#3 /var/www/usv/formulary_api/yii/framework/web/CController.php(1145): CAccessControlFilter->filter()
#4 /var/www/usv/formulary_api/yii/framework/web/filters/CInlineFilter.php(58): DrugPlanStateController->filterAccessControl()
#5 /var/www/usv/formulary_api/yii/framework/web/filters/CFilterChain.php(130): CInlineFilter->filter()
#6 /var/www/usv/formulary_api/yii/framework/web/CController.php(291): CFilterChain->run()
#7 /var/www/usv/formulary_api/yii/framework/web/CController.php(265): DrugPlanStateController->runActionWithFilters()
#8 /var/www/usv/formulary_api/yii/framework/web/CWebApplication.php(282): DrugPlanStateController->run()
#9 /var/www/usv/formulary_api/yii/framework/web/CWebApplication.php(141): CWebApplication->runController()
#10 /var/www/usv/formulary_api/yii/framework/base/CApplication.php(180): CWebApplication->processRequest()
#11 /var/www/usv/formulary_api/f/index.php(20): CWebApplication->run()
REQUEST_URI=/formulary_api/f/drugPlanState/get/f_id/26/drug_id/1515/state/AL/
in /var/www/usv/formulary_api/f/protected/controllers/DrugPlanStateController.php (128)
in /var/www/usv/formulary_api/f/index.php (20)
2016/02/15 23:54:43 [error] [php] file_get_contents(http://www.fingertipformulary.com/drugs/Tramadol/CA/plans?planName=Anthem+%28BC+California%29&amp;planID=201): failed to open stream: HTTP request failed! HTTP/1.1 403 Forbidden
 (/var/www/usv/formulary_api/f/protected/controllers/DrugPlanStateController.php:128)
Stack trace:
#0 /var/www/usv/formulary_api/yii/framework/web/CController.php(308): CInlineAction->runWithParams()
#1 /var/www/usv/formulary_api/yii/framework/web/filters/CFilterChain.php(133): DrugPlanStateController->runAction()
#2 /var/www/usv/formulary_api/yii/framework/web/filters/CFilter.php(40): CFilterChain->run()
#3 /var/www/usv/formulary_api/yii/framework/web/CController.php(1145): CAccessControlFilter->filter()
#4 /var/www/usv/formulary_api/yii/framework/web/filters/CInlineFilter.php(58): DrugPlanStateController->filterAccessControl()
#5 /var/www/usv/formulary_api/yii/framework/web/filters/CFilterChain.php(130): CInlineFilter->filter()
#6 /var/www/usv/formulary_api/yii/framework/web/CController.php(291): CFilterChain->run()
#7 /var/www/usv/formulary_api/yii/framework/web/CController.php(265): DrugPlanStateController->runActionWithFilters()
#8 /var/www/usv/formulary_api/yii/framework/web/CWebApplication.php(282): DrugPlanStateController->run()
#9 /var/www/usv/formulary_api/yii/framework/web/CWebApplication.php(141): CWebApplication->runController()
#10 /var/www/usv/formulary_api/yii/framework/base/CApplication.php(180): CWebApplication->processRequest()
#11 /var/www/usv/formulary_api/f/index.php(20): CWebApplication->run()
REQUEST_URI=/formulary_api/f/drugPlanState/get/f_id/201/drug_id/1525/state/CA/
in /var/www/usv/formulary_api/f/protected/controllers/DrugPlanStateController.php (128)
in /var/www/usv/formulary_api/f/index.php (20)
2016/02/15 23:54:52 [error] [php] file_get_contents(http://www.fingertipformulary.com/drugs/Tramadol/CA/plans?planName=Anthem+%28BC+California%29+4+Tier&amp;planID=5046): failed to open stream: HTTP request failed! HTTP/1.1 403 Forbidden
 (/var/www/usv/formulary_api/f/protected/controllers/DrugPlanStateController.php:128)
Stack trace:
#0 /var/www/usv/formulary_api/yii/framework/web/CController.php(308): CInlineAction->runWithParams()
#1 /var/www/usv/formulary_api/yii/framework/web/filters/CFilterChain.php(133): DrugPlanStateController->runAction()
#2 /var/www/usv/formulary_api/yii/framework/web/filters/CFilter.php(40): CFilterChain->run()
#3 /var/www/usv/formulary_api/yii/framework/web/CController.php(1145): CAccessControlFilter->filter()
#4 /var/www/usv/formulary_api/yii/framework/web/filters/CInlineFilter.php(58): DrugPlanStateController->filterAccessControl()
#5 /var/www/usv/formulary_api/yii/framework/web/filters/CFilterChain.php(130): CInlineFilter->filter()
#6 /var/www/usv/formulary_api/yii/framework/web/CController.php(291): CFilterChain->run()
#7 /var/www/usv/formulary_api/yii/framework/web/CController.php(265): DrugPlanStateController->runActionWithFilters()
#8 /var/www/usv/formulary_api/yii/framework/web/CWebApplication.php(282): DrugPlanStateController->run()
#9 /var/www/usv/formulary_api/yii/framework/web/CWebApplication.php(141): CWebApplication->runController()
#10 /var/www/usv/formulary_api/yii/framework/base/CApplication.php(180): CWebApplication->processRequest()
#11 /var/www/usv/formulary_api/f/index.php(20): CWebApplication->run()
REQUEST_URI=/formulary_api/f/drugPlanState/get/f_id/5046/drug_id/1525/state/CA/
in /var/www/usv/formulary_api/f/protected/controllers/DrugPlanStateController.php (128)
in /var/www/usv/formulary_api/f/index.php (20)
2016/02/15 23:55:30 [error] [php] file_get_contents(http://www.fingertipformulary.com/drugs/TylenolwCodeine/MN/plans?planName=Blue+Essentials&amp;planID=5067): failed to open stream: HTTP request failed! HTTP/1.1 403 Forbidden
 (/var/www/usv/formulary_api/f/protected/controllers/DrugPlanStateController.php:128)
Stack trace:
#0 /var/www/usv/formulary_api/yii/framework/web/CController.php(308): CInlineAction->runWithParams()
#1 /var/www/usv/formulary_api/yii/framework/web/filters/CFilterChain.php(133): DrugPlanStateController->runAction()
#2 /var/www/usv/formulary_api/yii/framework/web/filters/CFilter.php(40): CFilterChain->run()
#3 /var/www/usv/formulary_api/yii/framework/web/CController.php(1145): CAccessControlFilter->filter()
#4 /var/www/usv/formulary_api/yii/framework/web/filters/CInlineFilter.php(58): DrugPlanStateController->filterAccessControl()
#5 /var/www/usv/formulary_api/yii/framework/web/filters/CFilterChain.php(130): CInlineFilter->filter()
#6 /var/www/usv/formulary_api/yii/framework/web/CController.php(291): CFilterChain->run()
#7 /var/www/usv/formulary_api/yii/framework/web/CController.php(265): DrugPlanStateController->runActionWithFilters()
#8 /var/www/usv/formulary_api/yii/framework/web/CWebApplication.php(282): DrugPlanStateController->run()
#9 /var/www/usv/formulary_api/yii/framework/web/CWebApplication.php(141): CWebApplication->runController()
#10 /var/www/usv/formulary_api/yii/framework/base/CApplication.php(180): CWebApplication->processRequest()
#11 /var/www/usv/formulary_api/f/index.php(20): CWebApplication->run()
REQUEST_URI=/formulary_api/f/drugPlanState/get/f_id/5067/drug_id/1784/state/MN/
in /var/www/usv/formulary_api/f/protected/controllers/DrugPlanStateController.php (128)
in /var/www/usv/formulary_api/f/index.php (20)
2016/02/15 23:55:40 [error] [php] file_get_contents(http://www.fingertipformulary.com/drugs/TylenolwCodeine/MN/plans?planName=BlueCross+BlueShield+Minnesota+Marketplace+Silver&amp;planID=5556): failed to open stream: HTTP request failed! HTTP/1.1 403 Forbidden
 (/var/www/usv/formulary_api/f/protected/controllers/DrugPlanStateController.php:128)
Stack trace:
#0 /var/www/usv/formulary_api/yii/framework/web/CController.php(308): CInlineAction->runWithParams()
#1 /var/www/usv/formulary_api/yii/framework/web/filters/CFilterChain.php(133): DrugPlanStateController->runAction()
#2 /var/www/usv/formulary_api/yii/framework/web/filters/CFilter.php(40): CFilterChain->run()
#3 /var/www/usv/formulary_api/yii/framework/web/CController.php(1145): CAccessControlFilter->filter()
#4 /var/www/usv/formulary_api/yii/framework/web/filters/CInlineFilter.php(58): DrugPlanStateController->filterAccessControl()
#5 /var/www/usv/formulary_api/yii/framework/web/filters/CFilterChain.php(130): CInlineFilter->filter()
#6 /var/www/usv/formulary_api/yii/framework/web/CController.php(291): CFilterChain->run()
#7 /var/www/usv/formulary_api/yii/framework/web/CController.php(265): DrugPlanStateController->runActionWithFilters()
#8 /var/www/usv/formulary_api/yii/framework/web/CWebApplication.php(282): DrugPlanStateController->run()
#9 /var/www/usv/formulary_api/yii/framework/web/CWebApplication.php(141): CWebApplication->runController()
#10 /var/www/usv/formulary_api/yii/framework/base/CApplication.php(180): CWebApplication->processRequest()
#11 /var/www/usv/formulary_api/f/index.php(20): CWebApplication->run()
REQUEST_URI=/formulary_api/f/drugPlanState/get/f_id/5556/drug_id/1784/state/MN/
in /var/www/usv/formulary_api/f/protected/controllers/DrugPlanStateController.php (128)
in /var/www/usv/formulary_api/f/index.php (20)
2016/02/15 23:55:46 [error] [php] file_get_contents(http://www.fingertipformulary.com/drugs/TylenolwCodeine/MN/plans?planName=SecureBlue&amp;planID=2794): failed to open stream: HTTP request failed! HTTP/1.1 403 Forbidden
 (/var/www/usv/formulary_api/f/protected/controllers/DrugPlanStateController.php:128)
Stack trace:
#0 /var/www/usv/formulary_api/yii/framework/web/CController.php(308): CInlineAction->runWithParams()
#1 /var/www/usv/formulary_api/yii/framework/web/filters/CFilterChain.php(133): DrugPlanStateController->runAction()
#2 /var/www/usv/formulary_api/yii/framework/web/filters/CFilter.php(40): CFilterChain->run()
#3 /var/www/usv/formulary_api/yii/framework/web/CController.php(1145): CAccessControlFilter->filter()
#4 /var/www/usv/formulary_api/yii/framework/web/filters/CInlineFilter.php(58): DrugPlanStateController->filterAccessControl()
#5 /var/www/usv/formulary_api/yii/framework/web/filters/CFilterChain.php(130): CInlineFilter->filter()
#6 /var/www/usv/formulary_api/yii/framework/web/CController.php(291): CFilterChain->run()
#7 /var/www/usv/formulary_api/yii/framework/web/CController.php(265): DrugPlanStateController->runActionWithFilters()
#8 /var/www/usv/formulary_api/yii/framework/web/CWebApplication.php(282): DrugPlanStateController->run()
#9 /var/www/usv/formulary_api/yii/framework/web/CWebApplication.php(141): CWebApplication->runController()
#10 /var/www/usv/formulary_api/yii/framework/base/CApplication.php(180): CWebApplication->processRequest()
#11 /var/www/usv/formulary_api/f/index.php(20): CWebApplication->run()
REQUEST_URI=/formulary_api/f/drugPlanState/get/f_id/2794/drug_id/1784/state/MN/
in /var/www/usv/formulary_api/f/protected/controllers/DrugPlanStateController.php (128)
in /var/www/usv/formulary_api/f/index.php (20)
2016/02/15 23:55:47 [error] [php] file_get_contents(http://www.fingertipformulary.com/drugs/TylenolwCodeine/MN/plans?planName=MedicareBlue+Rx+%28BCBS+MN%29&amp;planID=2655): failed to open stream: HTTP request failed! HTTP/1.1 403 Forbidden
 (/var/www/usv/formulary_api/f/protected/controllers/DrugPlanStateController.php:128)
Stack trace:
#0 /var/www/usv/formulary_api/yii/framework/web/CController.php(308): CInlineAction->runWithParams()
#1 /var/www/usv/formulary_api/yii/framework/web/filters/CFilterChain.php(133): DrugPlanStateController->runAction()
#2 /var/www/usv/formulary_api/yii/framework/web/filters/CFilter.php(40): CFilterChain->run()
#3 /var/www/usv/formulary_api/yii/framework/web/CController.php(1145): CAccessControlFilter->filter()
#4 /var/www/usv/formulary_api/yii/framework/web/filters/CInlineFilter.php(58): DrugPlanStateController->filterAccessControl()
#5 /var/www/usv/formulary_api/yii/framework/web/filters/CFilterChain.php(130): CInlineFilter->filter()
#6 /var/www/usv/formulary_api/yii/framework/web/CController.php(291): CFilterChain->run()
#7 /var/www/usv/formulary_api/yii/framework/web/CController.php(265): DrugPlanStateController->runActionWithFilters()
#8 /var/www/usv/formulary_api/yii/framework/web/CWebApplication.php(282): DrugPlanStateController->run()
#9 /var/www/usv/formulary_api/yii/framework/web/CWebApplication.php(141): CWebApplication->runController()
#10 /var/www/usv/formulary_api/yii/framework/base/CApplication.php(180): CWebApplication->processRequest()
#11 /var/www/usv/formulary_api/f/index.php(20): CWebApplication->run()
REQUEST_URI=/formulary_api/f/drugPlanState/get/f_id/2655/drug_id/1784/state/MN/
in /var/www/usv/formulary_api/f/protected/controllers/DrugPlanStateController.php (128)
in /var/www/usv/formulary_api/f/index.php (20)
2016/02/18 20:57:52 [error] [exception.CHttpException.404] exception 'CHttpException' with message 'The system is unable to find the requested action "index.html".' in /var/www/usv/formulary_api/yii/framework/web/CController.php:483
Stack trace:
#0 /var/www/usv/formulary_api/yii/framework/web/CController.php(270): CController->missingAction('index.html')
#1 /var/www/usv/formulary_api/yii/framework/web/CWebApplication.php(282): CController->run('index.html')
#2 /var/www/usv/formulary_api/yii/framework/web/CWebApplication.php(141): CWebApplication->runController('site/index.html')
#3 /var/www/usv/formulary_api/yii/framework/base/CApplication.php(180): CWebApplication->processRequest()
#4 /var/www/usv/formulary_api/f/index.php(20): CApplication->run()
#5 {main}
REQUEST_URI=/formulary_api/f/site/index.html
---
2016/02/26 00:06:10 [error] [exception.CException] exception 'CException' with message 'SiteController cannot find the requested view "email_for_reset".' in /var/www/glo/formulary_api/yii/framework/web/CController.php:878
Stack trace:
#0 /var/www/glo/formulary_api/yii/framework/web/CController.php(782): CController->renderPartial('email_for_reset', Array, true)
#1 /var/www/glo/formulary_api/f/protected/controllers/SiteController.php(178): CController->render('email_for_reset', Array)
#2 /var/www/glo/formulary_api/yii/framework/web/actions/CInlineAction.php(49): SiteController->actionEmail_for_reset()
#3 /var/www/glo/formulary_api/yii/framework/web/CController.php(308): CInlineAction->runWithParams(Array)
#4 /var/www/glo/formulary_api/yii/framework/web/CController.php(286): CController->runAction(Object(CInlineAction))
#5 /var/www/glo/formulary_api/yii/framework/web/CController.php(265): CController->runActionWithFilters(Object(CInlineAction), Array)
#6 /var/www/glo/formulary_api/yii/framework/web/CWebApplication.php(282): CController->run('email_for_reset')
#7 /var/www/glo/formulary_api/yii/framework/web/CWebApplication.php(141): CWebApplication->runController('site/email_for_...')
#8 /var/www/glo/formulary_api/yii/framework/base/CApplication.php(180): CWebApplication->processRequest()
#9 /var/www/glo/formulary_api/f/index.php(20): CApplication->run()
#10 {main}
REQUEST_URI=/formulary_api/f/site/email_for_reset
---
2016/02/26 00:06:17 [error] [exception.CHttpException.404] exception 'CHttpException' with message 'Unable to resolve the request "email_for_reset".' in /var/www/glo/formulary_api/yii/framework/web/CWebApplication.php:286
Stack trace:
#0 /var/www/glo/formulary_api/yii/framework/web/CWebApplication.php(141): CWebApplication->runController('email_for_reset')
#1 /var/www/glo/formulary_api/yii/framework/base/CApplication.php(180): CWebApplication->processRequest()
#2 /var/www/glo/formulary_api/f/index.php(20): CApplication->run()
#3 {main}
REQUEST_URI=/formulary_api/f/email_for_reset
---
2016/02/26 00:08:03 [error] [exception.CHttpException.404] exception 'CHttpException' with message 'Unable to resolve the request "email_for_reset".' in /var/www/glo/formulary_api/yii/framework/web/CWebApplication.php:286
Stack trace:
#0 /var/www/glo/formulary_api/yii/framework/web/CWebApplication.php(141): CWebApplication->runController('email_for_reset')
#1 /var/www/glo/formulary_api/yii/framework/base/CApplication.php(180): CWebApplication->processRequest()
#2 /var/www/glo/formulary_api/f/index.php(20): CApplication->run()
#3 {main}
REQUEST_URI=/formulary_api/f/email_for_reset
---
2016/02/26 00:08:05 [error] [exception.CHttpException.404] exception 'CHttpException' with message 'Unable to resolve the request "email_for_reset".' in /var/www/glo/formulary_api/yii/framework/web/CWebApplication.php:286
Stack trace:
#0 /var/www/glo/formulary_api/yii/framework/web/CWebApplication.php(141): CWebApplication->runController('email_for_reset')
#1 /var/www/glo/formulary_api/yii/framework/base/CApplication.php(180): CWebApplication->processRequest()
#2 /var/www/glo/formulary_api/f/index.php(20): CApplication->run()
#3 {main}
REQUEST_URI=/formulary_api/f/email_for_reset
---
2016/02/26 00:14:35 [error] [system.db.CDbCommand] CDbCommand::fetchAll() failed: SQLSTATE[42S02]: Base table or view not found: 1146 Table 'formulary.account' doesn't exist. The SQL statement executed was: SHOW FULL COLUMNS FROM `account`.
in /var/www/glo/formulary_api/f/protected/controllers/AccountController.php (306)
in /var/www/glo/formulary_api/f/index.php (20)
2016/02/26 00:14:35 [error] [exception.CDbException] exception 'CDbException' with message 'The table "account" for active record class "Account" cannot be found in the database.' in /var/www/glo/formulary_api/yii/framework/db/ar/CActiveRecord.php:2362
Stack trace:
#0 /var/www/glo/formulary_api/yii/framework/db/ar/CActiveRecord.php(411): CActiveRecordMetaData->__construct(Object(Account))
#1 /var/www/glo/formulary_api/yii/framework/db/ar/CActiveRecord.php(79): CActiveRecord->getMetaData()
#2 /var/www/glo/formulary_api/f/protected/controllers/AccountController.php(306): CActiveRecord->__construct('search')
#3 /var/www/glo/formulary_api/yii/framework/web/actions/CInlineAction.php(49): AccountController->actionAdmin()
#4 /var/www/glo/formulary_api/yii/framework/web/CController.php(308): CInlineAction->runWithParams(Array)
#5 /var/www/glo/formulary_api/yii/framework/web/filters/CFilterChain.php(133): CController->runAction(Object(CInlineAction))
#6 /var/www/glo/formulary_api/yii/framework/web/filters/CFilter.php(40): CFilterChain->run()
#7 /var/www/glo/formulary_api/yii/framework/web/CController.php(1145): CFilter->filter(Object(CFilterChain))
#8 /var/www/glo/formulary_api/yii/framework/web/filters/CInlineFilter.php(58): CController->filterAccessControl(Object(CFilterChain))
#9 /var/www/glo/formulary_api/yii/framework/web/filters/CFilterChain.php(130): CInlineFilter->filter(Object(CFilterChain))
#10 /var/www/glo/formulary_api/yii/framework/web/CController.php(291): CFilterChain->run()
#11 /var/www/glo/formulary_api/yii/framework/web/CController.php(265): CController->runActionWithFilters(Object(CInlineAction), Array)
#12 /var/www/glo/formulary_api/yii/framework/web/CWebApplication.php(282): CController->run('admin')
#13 /var/www/glo/formulary_api/yii/framework/web/CWebApplication.php(141): CWebApplication->runController('account/admin')
#14 /var/www/glo/formulary_api/yii/framework/base/CApplication.php(180): CWebApplication->processRequest()
#15 /var/www/glo/formulary_api/f/index.php(20): CApplication->run()
#16 {main}
REQUEST_URI=/formulary_api/f/account/admin
HTTP_REFERER=http://globalmedinfo.com/formulary_api/f/
---
2016/02/26 00:40:39 [error] [exception.CException] exception 'CException' with message 'SiteController cannot find the requested view "email_for_reset".' in /var/www/glo/formulary_api/yii/framework/web/CController.php:878
Stack trace:
#0 /var/www/glo/formulary_api/yii/framework/web/CController.php(782): CController->renderPartial('email_for_reset', Array, true)
#1 /var/www/glo/formulary_api/f/protected/controllers/SiteController.php(178): CController->render('email_for_reset', Array)
#2 /var/www/glo/formulary_api/yii/framework/web/actions/CInlineAction.php(49): SiteController->actionEmail_for_reset()
#3 /var/www/glo/formulary_api/yii/framework/web/CController.php(308): CInlineAction->runWithParams(Array)
#4 /var/www/glo/formulary_api/yii/framework/web/CController.php(286): CController->runAction(Object(CInlineAction))
#5 /var/www/glo/formulary_api/yii/framework/web/CController.php(265): CController->runActionWithFilters(Object(CInlineAction), Array)
#6 /var/www/glo/formulary_api/yii/framework/web/CWebApplication.php(282): CController->run('email_for_reset')
#7 /var/www/glo/formulary_api/yii/framework/web/CWebApplication.php(141): CWebApplication->runController('site/email_for_...')
#8 /var/www/glo/formulary_api/yii/framework/base/CApplication.php(180): CWebApplication->processRequest()
#9 /var/www/glo/formulary_api/f/index.php(20): CApplication->run()
#10 {main}
REQUEST_URI=/formulary_api/f/site/email_for_reset
---
2016/02/26 00:41:35 [error] [exception.CHttpException.404] exception 'CHttpException' with message 'Unable to resolve the request "email_for_reset".' in /var/www/glo/formulary_api/yii/framework/web/CWebApplication.php:286
Stack trace:
#0 /var/www/glo/formulary_api/yii/framework/web/CWebApplication.php(141): CWebApplication->runController('email_for_reset')
#1 /var/www/glo/formulary_api/yii/framework/base/CApplication.php(180): CWebApplication->processRequest()
#2 /var/www/glo/formulary_api/f/index.php(20): CApplication->run()
#3 {main}
REQUEST_URI=/formulary_api/f/email_for_reset
---
2016/03/13 13:45:05 [error] [exception.CHttpException.404] CHttpException: Unable to resolve the request "PhpStorm-cb736e8b-e71a-436c-8e29-66e447a11a0b.php". in /var/www/bkup/formulary_api/yii/framework/web/CWebApplication.php:286
Stack trace:
#0 /var/www/bkup/formulary_api/yii/framework/web/CWebApplication.php(141): CWebApplication->runController('PhpStorm-cb736e...')
#1 /var/www/bkup/formulary_api/yii/framework/base/CApplication.php(180): CWebApplication->processRequest()
#2 /var/www/bkup/formulary_api/f/index.php(20): CApplication->run()
#3 {main}
REQUEST_URI=/f/PhpStorm-cb736e8b-e71a-436c-8e29-66e447a11a0b.php
---
2016/03/13 13:46:10 [error] [exception.CException] CException: SiteController cannot find the requested view "email_for_reset". in /var/www/bkup/formulary_api/yii/framework/web/CController.php:878
Stack trace:
#0 /var/www/bkup/formulary_api/yii/framework/web/CController.php(782): CController->renderPartial('email_for_reset', Array, true)
#1 /var/www/bkup/formulary_api/f/protected/controllers/SiteController.php(178): CController->render('email_for_reset', Array)
#2 /var/www/bkup/formulary_api/yii/framework/web/actions/CInlineAction.php(49): SiteController->actionEmail_for_reset()
#3 /var/www/bkup/formulary_api/yii/framework/web/CController.php(308): CInlineAction->runWithParams(Array)
#4 /var/www/bkup/formulary_api/yii/framework/web/CController.php(286): CController->runAction(Object(CInlineAction))
#5 /var/www/bkup/formulary_api/yii/framework/web/CController.php(265): CController->runActionWithFilters(Object(CInlineAction), Array)
#6 /var/www/bkup/formulary_api/yii/framework/web/CWebApplication.php(282): CController->run('email_for_reset')
#7 /var/www/bkup/formulary_api/yii/framework/web/CWebApplication.php(141): CWebApplication->runController('site/email_for_...')
#8 /var/www/bkup/formulary_api/yii/framework/base/CApplication.php(180): CWebApplication->processRequest()
#9 /var/www/bkup/formulary_api/f/index.php(20): CApplication->run()
#10 {main}
REQUEST_URI=/f/site/email_for_reset
HTTP_REFERER=http://localhost/f/site/login
---
2016/03/13 19:47:05 [error] [exception.CHttpException.403] CHttpException: You are not authorized to perform this action. in /var/www/bkup/formulary_api/yii/framework/web/auth/CAccessControlFilter.php:182
Stack trace:
#0 /var/www/bkup/formulary_api/yii/framework/web/auth/CAccessControlFilter.php(145): CAccessControlFilter->accessDenied(Object(WebUser), 'You are not aut...')
#1 /var/www/bkup/formulary_api/yii/framework/web/filters/CFilter.php(38): CAccessControlFilter->preFilter(Object(CFilterChain))
#2 /var/www/bkup/formulary_api/yii/framework/web/CController.php(1145): CFilter->filter(Object(CFilterChain))
#3 /var/www/bkup/formulary_api/yii/framework/web/filters/CInlineFilter.php(58): CController->filterAccessControl(Object(CFilterChain))
#4 /var/www/bkup/formulary_api/yii/framework/web/filters/CFilterChain.php(130): CInlineFilter->filter(Object(CFilterChain))
#5 /var/www/bkup/formulary_api/yii/framework/web/CController.php(291): CFilterChain->run()
#6 /var/www/bkup/formulary_api/yii/framework/web/CController.php(265): CController->runActionWithFilters(Object(CInlineAction), Array)
#7 /var/www/bkup/formulary_api/yii/framework/web/CWebApplication.php(282): CController->run('admin')
#8 /var/www/bkup/formulary_api/yii/framework/web/CWebApplication.php(141): CWebApplication->runController('user/admin')
#9 /var/www/bkup/formulary_api/yii/framework/base/CApplication.php(180): CWebApplication->processRequest()
#10 /var/www/bkup/formulary_api/f/index.php(20): CApplication->run()
#11 {main}
REQUEST_URI=/f/user/admin
HTTP_REFERER=http://localhost/f/
---
2016/03/13 19:47:38 [error] [exception.CHttpException.403] CHttpException: You are not authorized to perform this action. in /var/www/bkup/formulary_api/yii/framework/web/auth/CAccessControlFilter.php:182
Stack trace:
#0 /var/www/bkup/formulary_api/yii/framework/web/auth/CAccessControlFilter.php(145): CAccessControlFilter->accessDenied(Object(WebUser), 'You are not aut...')
#1 /var/www/bkup/formulary_api/yii/framework/web/filters/CFilter.php(38): CAccessControlFilter->preFilter(Object(CFilterChain))
#2 /var/www/bkup/formulary_api/yii/framework/web/CController.php(1145): CFilter->filter(Object(CFilterChain))
#3 /var/www/bkup/formulary_api/yii/framework/web/filters/CInlineFilter.php(58): CController->filterAccessControl(Object(CFilterChain))
#4 /var/www/bkup/formulary_api/yii/framework/web/filters/CFilterChain.php(130): CInlineFilter->filter(Object(CFilterChain))
#5 /var/www/bkup/formulary_api/yii/framework/web/CController.php(291): CFilterChain->run()
#6 /var/www/bkup/formulary_api/yii/framework/web/CController.php(265): CController->runActionWithFilters(Object(CInlineAction), Array)
#7 /var/www/bkup/formulary_api/yii/framework/web/CWebApplication.php(282): CController->run('admin')
#8 /var/www/bkup/formulary_api/yii/framework/web/CWebApplication.php(141): CWebApplication->runController('user/admin')
#9 /var/www/bkup/formulary_api/yii/framework/base/CApplication.php(180): CWebApplication->processRequest()
#10 /var/www/bkup/formulary_api/f/index.php(20): CApplication->run()
#11 {main}
REQUEST_URI=/f/user/admin
HTTP_REFERER=http://localhost/f/
---
2016/03/13 19:47:58 [error] [system.db.CDbCommand] CDbCommand::fetchAll() failed: SQLSTATE[42S02]: Base table or view not found: 1146 Table 'formulary.account' doesn't exist. The SQL statement executed was: SHOW FULL COLUMNS FROM `account`.
in /var/www/bkup/formulary_api/f/protected/views/user/_form.php (57)
in /var/www/bkup/formulary_api/f/protected/views/user/update.php (24)
in /var/www/bkup/formulary_api/f/protected/controllers/UserController.php (124)
2016/03/13 19:47:58 [error] [exception.CDbException] CDbException: The table "account" for active record class "Account" cannot be found in the database. in /var/www/bkup/formulary_api/yii/framework/db/ar/CActiveRecord.php:2362
Stack trace:
#0 /var/www/bkup/formulary_api/yii/framework/db/ar/CActiveRecord.php(411): CActiveRecordMetaData->__construct(Object(Account))
#1 /var/www/bkup/formulary_api/yii/framework/db/ar/CActiveRecord.php(658): CActiveRecord->getMetaData()
#2 /var/www/bkup/formulary_api/yii/framework/db/ar/CActiveRecord.php(1350): CActiveRecord->getTableSchema()
#3 /var/www/bkup/formulary_api/yii/framework/db/ar/CActiveRecord.php(1470): CActiveRecord->query(Object(CDbCriteria), true)
#4 /var/www/bkup/formulary_api/f/protected/views/user/_form.php(57): CActiveRecord->findAll()
#5 /var/www/bkup/formulary_api/yii/framework/web/CBaseController.php(126): require('/var/www/bkup/f...')
#6 /var/www/bkup/formulary_api/yii/framework/web/CBaseController.php(95): CBaseController->renderInternal('/var/www/bkup/f...', Array, true)
#7 /var/www/bkup/formulary_api/yii/framework/web/CController.php(869): CBaseController->renderFile('/var/www/bkup/f...', Array, true)
#8 /var/www/bkup/formulary_api/f/protected/views/user/update.php(24): CController->renderPartial('_form', Array)
#9 /var/www/bkup/formulary_api/yii/framework/web/CBaseController.php(126): require('/var/www/bkup/f...')
#10 /var/www/bkup/formulary_api/yii/framework/web/CBaseController.php(95): CBaseController->renderInternal('/var/www/bkup/f...', Array, true)
#11 /var/www/bkup/formulary_api/yii/framework/web/CController.php(869): CBaseController->renderFile('/var/www/bkup/f...', Array, true)
#12 /var/www/bkup/formulary_api/yii/framework/web/CController.php(782): CController->renderPartial('update', Array, true)
#13 /var/www/bkup/formulary_api/f/protected/controllers/UserController.php(124): CController->render('update', Array)
#14 [internal function]: UserController->actionUpdate('2')
#15 /var/www/bkup/formulary_api/yii/framework/web/actions/CAction.php(108): ReflectionMethod->invokeArgs(Object(UserController), Array)
#16 /var/www/bkup/formulary_api/yii/framework/web/actions/CInlineAction.php(47): CAction->runWithParamsInternal(Object(UserController), Object(ReflectionMethod), Array)
#17 /var/www/bkup/formulary_api/yii/framework/web/CController.php(308): CInlineAction->runWithParams(Array)
#18 /var/www/bkup/formulary_api/yii/framework/web/filters/CFilterChain.php(133): CController->runAction(Object(CInlineAction))
#19 /var/www/bkup/formulary_api/yii/framework/web/filters/CFilter.php(40): CFilterChain->run()
#20 /var/www/bkup/formulary_api/yii/framework/web/CController.php(1145): CFilter->filter(Object(CFilterChain))
#21 /var/www/bkup/formulary_api/yii/framework/web/filters/CInlineFilter.php(58): CController->filterAccessControl(Object(CFilterChain))
#22 /var/www/bkup/formulary_api/yii/framework/web/filters/CFilterChain.php(130): CInlineFilter->filter(Object(CFilterChain))
#23 /var/www/bkup/formulary_api/yii/framework/web/CController.php(291): CFilterChain->run()
#24 /var/www/bkup/formulary_api/yii/framework/web/CController.php(265): CController->runActionWithFilters(Object(CInlineAction), Array)
#25 /var/www/bkup/formulary_api/yii/framework/web/CWebApplication.php(282): CController->run('update')
#26 /var/www/bkup/formulary_api/yii/framework/web/CWebApplication.php(141): CWebApplication->runController('user/update')
#27 /var/www/bkup/formulary_api/yii/framework/base/CApplication.php(180): CWebApplication->processRequest()
#28 /var/www/bkup/formulary_api/f/index.php(20): CApplication->run()
#29 {main}
REQUEST_URI=/f/user/update/2
HTTP_REFERER=http://localhost/f/user/admin
---
2016/03/13 19:48:17 [error] [system.db.CDbCommand] CDbCommand::fetchAll() failed: SQLSTATE[42S02]: Base table or view not found: 1146 Table 'formulary.account' doesn't exist. The SQL statement executed was: SHOW FULL COLUMNS FROM `account`.
in /var/www/bkup/formulary_api/f/protected/views/user/_form.php (57)
in /var/www/bkup/formulary_api/f/protected/views/user/update.php (24)
in /var/www/bkup/formulary_api/f/protected/controllers/UserController.php (124)
2016/03/13 19:48:17 [error] [exception.CDbException] CDbException: The table "account" for active record class "Account" cannot be found in the database. in /var/www/bkup/formulary_api/yii/framework/db/ar/CActiveRecord.php:2362
Stack trace:
#0 /var/www/bkup/formulary_api/yii/framework/db/ar/CActiveRecord.php(411): CActiveRecordMetaData->__construct(Object(Account))
#1 /var/www/bkup/formulary_api/yii/framework/db/ar/CActiveRecord.php(658): CActiveRecord->getMetaData()
#2 /var/www/bkup/formulary_api/yii/framework/db/ar/CActiveRecord.php(1350): CActiveRecord->getTableSchema()
#3 /var/www/bkup/formulary_api/yii/framework/db/ar/CActiveRecord.php(1470): CActiveRecord->query(Object(CDbCriteria), true)
#4 /var/www/bkup/formulary_api/f/protected/views/user/_form.php(57): CActiveRecord->findAll()
#5 /var/www/bkup/formulary_api/yii/framework/web/CBaseController.php(126): require('/var/www/bkup/f...')
#6 /var/www/bkup/formulary_api/yii/framework/web/CBaseController.php(95): CBaseController->renderInternal('/var/www/bkup/f...', Array, true)
#7 /var/www/bkup/formulary_api/yii/framework/web/CController.php(869): CBaseController->renderFile('/var/www/bkup/f...', Array, true)
#8 /var/www/bkup/formulary_api/f/protected/views/user/update.php(24): CController->renderPartial('_form', Array)
#9 /var/www/bkup/formulary_api/yii/framework/web/CBaseController.php(126): require('/var/www/bkup/f...')
#10 /var/www/bkup/formulary_api/yii/framework/web/CBaseController.php(95): CBaseController->renderInternal('/var/www/bkup/f...', Array, true)
#11 /var/www/bkup/formulary_api/yii/framework/web/CController.php(869): CBaseController->renderFile('/var/www/bkup/f...', Array, true)
#12 /var/www/bkup/formulary_api/yii/framework/web/CController.php(782): CController->renderPartial('update', Array, true)
#13 /var/www/bkup/formulary_api/f/protected/controllers/UserController.php(124): CController->render('update', Array)
#14 [internal function]: UserController->actionUpdate('2')
#15 /var/www/bkup/formulary_api/yii/framework/web/actions/CAction.php(108): ReflectionMethod->invokeArgs(Object(UserController), Array)
#16 /var/www/bkup/formulary_api/yii/framework/web/actions/CInlineAction.php(47): CAction->runWithParamsInternal(Object(UserController), Object(ReflectionMethod), Array)
#17 /var/www/bkup/formulary_api/yii/framework/web/CController.php(308): CInlineAction->runWithParams(Array)
#18 /var/www/bkup/formulary_api/yii/framework/web/filters/CFilterChain.php(133): CController->runAction(Object(CInlineAction))
#19 /var/www/bkup/formulary_api/yii/framework/web/filters/CFilter.php(40): CFilterChain->run()
#20 /var/www/bkup/formulary_api/yii/framework/web/CController.php(1145): CFilter->filter(Object(CFilterChain))
#21 /var/www/bkup/formulary_api/yii/framework/web/filters/CInlineFilter.php(58): CController->filterAccessControl(Object(CFilterChain))
#22 /var/www/bkup/formulary_api/yii/framework/web/filters/CFilterChain.php(130): CInlineFilter->filter(Object(CFilterChain))
#23 /var/www/bkup/formulary_api/yii/framework/web/CController.php(291): CFilterChain->run()
#24 /var/www/bkup/formulary_api/yii/framework/web/CController.php(265): CController->runActionWithFilters(Object(CInlineAction), Array)
#25 /var/www/bkup/formulary_api/yii/framework/web/CWebApplication.php(282): CController->run('update')
#26 /var/www/bkup/formulary_api/yii/framework/web/CWebApplication.php(141): CWebApplication->runController('user/update')
#27 /var/www/bkup/formulary_api/yii/framework/base/CApplication.php(180): CWebApplication->processRequest()
#28 /var/www/bkup/formulary_api/f/index.php(20): CApplication->run()
#29 {main}
REQUEST_URI=/f/user/update/2
HTTP_REFERER=http://localhost/f/user/2
---
